{"contracts/v2/CloneFactory.sol":{"l":{"31":14,"32":14,"33":14,"34":280,"36":14},"path":"/Users/gustavoguimaraes/DAPPS/poolbase/poolbase-smart-contracts/contracts/v2/CloneFactory.sol","s":{"1":14,"2":14,"3":14,"4":280},"b":{},"f":{"1":14},"fnMap":{"1":{"name":"createClone","line":30,"loc":{"start":{"line":30,"column":2},"end":{"line":30,"column":72}}}},"statementMap":{"1":{"start":{"line":31,"column":4},"end":{"line":31,"column":155}},"2":{"start":{"line":32,"column":4},"end":{"line":32,"column":40}},"3":{"start":{"line":33,"column":4},"end":{"line":33,"column":1559}},"4":{"start":{"line":34,"column":6},"end":{"line":34,"column":35}}},"branchMap":{}},"contracts/v2/Poolbase.sol":{"l":{"56":19,"57":18,"64":3,"65":2,"73":3,"104":71,"116":70,"128":69,"129":69,"130":69,"131":69,"132":69,"133":69,"134":69,"135":69,"137":69,"138":69,"139":138,"142":69,"143":69,"145":137,"148":69,"155":5,"156":5,"163":2,"164":2,"171":3,"172":3,"180":7,"187":5,"196":4,"205":4,"212":4,"220":2,"236":0,"244":0,"255":2,"256":1,"264":3,"265":2,"266":2,"275":3,"276":2,"277":2,"278":2,"287":2,"288":1,"289":1,"297":3,"298":2,"299":2,"310":0,"311":0,"312":0,"314":0,"321":0,"322":0,"324":0,"332":0,"333":0,"335":0,"336":0,"338":0,"340":0,"341":0,"342":0,"346":0,"348":0,"352":0,"354":0,"355":0,"363":0,"364":0,"365":0,"366":0,"367":0,"379":0,"380":0,"382":0,"383":0,"384":0,"385":0,"388":0,"389":0,"390":0,"392":0,"393":0,"400":0,"402":0,"405":0,"407":0,"416":0,"418":0,"420":0,"421":0,"422":0,"423":0,"425":0,"426":0,"427":0,"429":0,"430":0,"431":0,"433":0,"434":0,"436":0,"440":0,"441":0,"443":0,"444":0,"446":0},"path":"/Users/gustavoguimaraes/DAPPS/poolbase/poolbase-smart-contracts/contracts/v2/Poolbase.sol","s":{"1":19,"2":3,"3":3,"4":71,"5":70,"6":69,"7":69,"8":69,"9":69,"10":69,"11":69,"12":69,"13":69,"14":69,"15":69,"16":138,"17":69,"18":69,"19":137,"20":69,"21":5,"22":2,"23":3,"24":7,"25":5,"26":4,"27":4,"28":4,"29":0,"30":0,"31":2,"32":1,"33":3,"34":2,"35":3,"36":2,"37":2,"38":2,"39":1,"40":1,"41":3,"42":2,"43":0,"44":0,"45":0,"46":0,"47":0,"48":0,"49":0,"50":0,"51":0,"52":0,"53":0,"54":0,"55":0,"56":0,"57":0,"58":0,"59":0,"60":0,"61":0,"62":0,"63":0,"64":0,"65":0,"66":0,"67":0,"68":0,"69":0,"70":0,"71":0,"72":0,"73":0,"74":0,"75":0,"76":0,"77":0,"78":0,"79":0,"80":0,"81":0,"82":0,"83":0,"84":0,"85":0,"86":0,"87":0},"b":{"1":[18,1],"2":[2,1],"3":[1,2],"4":[70,1],"5":[69,1],"6":[6,1],"7":[2,2],"8":[0,0],"9":[1,1],"10":[2,1],"11":[2,1],"12":[1,1],"13":[2,1],"14":[0,0],"15":[0,0],"16":[0,0],"17":[0,0],"18":[0,0],"19":[0,0],"20":[0,0],"21":[0,0],"22":[0,0],"23":[0,0],"24":[0,0],"25":[0,0],"26":[0,0],"27":[0,0],"28":[0,0],"29":[0,0]},"f":{"1":19,"2":3,"3":3,"4":71,"5":5,"6":2,"7":3,"8":7,"9":5,"10":4,"11":4,"12":4,"13":0,"14":2,"15":3,"16":3,"17":2,"18":3,"19":0,"20":0,"21":0,"22":0,"23":0,"24":0,"25":0},"fnMap":{"1":{"name":"whenNotPaused","line":55,"loc":{"start":{"line":55,"column":4},"end":{"line":55,"column":26}}},"2":{"name":"whenPaused","line":63,"loc":{"start":{"line":63,"column":4},"end":{"line":63,"column":23}}},"3":{"name":null,"line":72,"loc":{"start":{"line":72,"column":4},"end":{"line":72,"column":30}}},"4":{"name":"init","line":90,"loc":{"start":{"line":90,"column":4},"end":{"line":103,"column":5}}},"5":{"name":"pause","line":154,"loc":{"start":{"line":154,"column":4},"end":{"line":154,"column":64}}},"6":{"name":"unpause","line":162,"loc":{"start":{"line":162,"column":4},"end":{"line":162,"column":63}}},"7":{"name":"emergencySetStateToRefunding","line":170,"loc":{"start":{"line":170,"column":4},"end":{"line":170,"column":73}}},"8":{"name":"emergencyReceiveWeiFromPayoutAddress","line":179,"loc":{"start":{"line":179,"column":4},"end":{"line":179,"column":66}}},"9":{"name":"emergencyAcceptAllPayments","line":186,"loc":{"start":{"line":186,"column":4},"end":{"line":186,"column":94}}},"10":{"name":"vouchAsPoolBase","line":195,"loc":{"start":{"line":195,"column":4},"end":{"line":195,"column":60}}},"11":{"name":"vouchAsAdmin","line":204,"loc":{"start":{"line":204,"column":4},"end":{"line":204,"column":55}}},"12":{"name":"emergencyRemoveWei","line":211,"loc":{"start":{"line":211,"column":4},"end":{"line":211,"column":96}}},"13":{"name":"emergencyRemoveTokens","line":227,"loc":{"start":{"line":227,"column":4},"end":{"line":235,"column":5}}},"14":{"name":"setPoolbasePayoutWallet","line":254,"loc":{"start":{"line":254,"column":4},"end":{"line":254,"column":114}}},"15":{"name":"setAdminPayoutWallet","line":263,"loc":{"start":{"line":263,"column":4},"end":{"line":263,"column":106}}},"16":{"name":"setAdminPoolFee","line":274,"loc":{"start":{"line":274,"column":4},"end":{"line":274,"column":99}}},"17":{"name":"setPoolbaseFee","line":286,"loc":{"start":{"line":286,"column":4},"end":{"line":286,"column":99}}},"18":{"name":"changeMaxAllocation","line":296,"loc":{"start":{"line":296,"column":4},"end":{"line":296,"column":101}}},"19":{"name":"deposit","line":309,"loc":{"start":{"line":309,"column":4},"end":{"line":309,"column":84}}},"20":{"name":"enableRefunds","line":320,"loc":{"start":{"line":320,"column":4},"end":{"line":320,"column":70}}},"21":{"name":"adminSetsBatch","line":331,"loc":{"start":{"line":331,"column":4},"end":{"line":331,"column":83}}},"22":{"name":"refund","line":362,"loc":{"start":{"line":362,"column":4},"end":{"line":362,"column":75}}},"23":{"name":"claimToken","line":374,"loc":{"start":{"line":374,"column":4},"end":{"line":378,"column":5}}},"24":{"name":"adminClosesPool","line":399,"loc":{"start":{"line":399,"column":4},"end":{"line":399,"column":109}}},"25":{"name":"close","line":415,"loc":{"start":{"line":415,"column":4},"end":{"line":415,"column":41}}}},"statementMap":{"1":{"start":{"line":56,"column":8},"end":{"line":56,"column":62}},"2":{"start":{"line":64,"column":8},"end":{"line":64,"column":59}},"3":{"start":{"line":73,"column":8},"end":{"line":73,"column":117}},"4":{"start":{"line":104,"column":8},"end":{"line":104,"column":3262}},"5":{"start":{"line":116,"column":8},"end":{"line":116,"column":3708}},"6":{"start":{"line":128,"column":8},"end":{"line":128,"column":37}},"7":{"start":{"line":129,"column":8},"end":{"line":129,"column":35}},"8":{"start":{"line":130,"column":8},"end":{"line":130,"column":33}},"9":{"start":{"line":131,"column":8},"end":{"line":131,"column":41}},"10":{"start":{"line":132,"column":8},"end":{"line":132,"column":35}},"11":{"start":{"line":133,"column":8},"end":{"line":133,"column":45}},"12":{"start":{"line":134,"column":8},"end":{"line":134,"column":51}},"13":{"start":{"line":135,"column":8},"end":{"line":135,"column":57}},"14":{"start":{"line":137,"column":8},"end":{"line":137,"column":40}},"15":{"start":{"line":138,"column":8},"end":{"line":138,"column":4577}},"16":{"start":{"line":139,"column":12},"end":{"line":139,"column":46}},"17":{"start":{"line":142,"column":8},"end":{"line":142,"column":37}},"18":{"start":{"line":143,"column":8},"end":{"line":143,"column":4768}},"19":{"start":{"line":145,"column":12},"end":{"line":145,"column":42}},"20":{"start":{"line":148,"column":8},"end":{"line":148,"column":27}},"21":{"start":{"line":155,"column":8},"end":{"line":155,"column":20}},"22":{"start":{"line":163,"column":8},"end":{"line":163,"column":21}},"23":{"start":{"line":171,"column":8},"end":{"line":171,"column":30}},"24":{"start":{"line":180,"column":8},"end":{"line":180,"column":87}},"25":{"start":{"line":187,"column":8},"end":{"line":187,"column":37}},"26":{"start":{"line":196,"column":8},"end":{"line":196,"column":29}},"27":{"start":{"line":205,"column":8},"end":{"line":205,"column":26}},"28":{"start":{"line":212,"column":8},"end":{"line":212,"column":7285}},"29":{"start":{"line":236,"column":8},"end":{"line":236,"column":7898}},"30":{"start":{"line":244,"column":8},"end":{"line":244,"column":27}},"31":{"start":{"line":255,"column":8},"end":{"line":255,"column":45}},"32":{"start":{"line":256,"column":8},"end":{"line":256,"column":54}},"33":{"start":{"line":264,"column":8},"end":{"line":264,"column":42}},"34":{"start":{"line":265,"column":8},"end":{"line":265,"column":48}},"35":{"start":{"line":275,"column":8},"end":{"line":275,"column":68}},"36":{"start":{"line":276,"column":8},"end":{"line":276,"column":44}},"37":{"start":{"line":277,"column":8},"end":{"line":277,"column":44}},"38":{"start":{"line":287,"column":8},"end":{"line":287,"column":66}},"39":{"start":{"line":288,"column":8},"end":{"line":288,"column":42}},"40":{"start":{"line":289,"column":8},"end":{"line":289,"column":42}},"41":{"start":{"line":297,"column":8},"end":{"line":297,"column":38}},"42":{"start":{"line":298,"column":8},"end":{"line":298,"column":40}},"43":{"start":{"line":310,"column":8},"end":{"line":310,"column":37}},"44":{"start":{"line":311,"column":8},"end":{"line":311,"column":69}},"45":{"start":{"line":312,"column":8},"end":{"line":312,"column":67}},"46":{"start":{"line":321,"column":8},"end":{"line":321,"column":37}},"47":{"start":{"line":322,"column":8},"end":{"line":322,"column":30}},"48":{"start":{"line":332,"column":8},"end":{"line":332,"column":67}},"49":{"start":{"line":333,"column":8},"end":{"line":333,"column":32}},"50":{"start":{"line":335,"column":8},"end":{"line":335,"column":28}},"51":{"start":{"line":336,"column":8},"end":{"line":336,"column":42}},"52":{"start":{"line":340,"column":8},"end":{"line":340,"column":12079}},"53":{"start":{"line":341,"column":12},"end":{"line":341,"column":12119}},"54":{"start":{"line":342,"column":16},"end":{"line":342,"column":112}},"55":{"start":{"line":346,"column":8},"end":{"line":346,"column":62}},"56":{"start":{"line":348,"column":8},"end":{"line":348,"column":12446}},"57":{"start":{"line":352,"column":8},"end":{"line":352,"column":86}},"58":{"start":{"line":355,"column":8},"end":{"line":355,"column":41}},"59":{"start":{"line":363,"column":8},"end":{"line":363,"column":65}},"60":{"start":{"line":364,"column":8},"end":{"line":364,"column":53}},"61":{"start":{"line":365,"column":8},"end":{"line":365,"column":32}},"62":{"start":{"line":379,"column":8},"end":{"line":379,"column":42}},"63":{"start":{"line":380,"column":8},"end":{"line":380,"column":42}},"64":{"start":{"line":383,"column":8},"end":{"line":383,"column":13719}},"65":{"start":{"line":384,"column":12},"end":{"line":384,"column":13759}},"66":{"start":{"line":385,"column":16},"end":{"line":385,"column":106}},"67":{"start":{"line":388,"column":8},"end":{"line":388,"column":80}},"68":{"start":{"line":389,"column":8},"end":{"line":389,"column":90}},"69":{"start":{"line":390,"column":8},"end":{"line":390,"column":84}},"70":{"start":{"line":400,"column":8},"end":{"line":400,"column":37}},"71":{"start":{"line":402,"column":8},"end":{"line":402,"column":68}},"72":{"start":{"line":402,"column":40},"end":{"line":402,"column":67}},"73":{"start":{"line":405,"column":8},"end":{"line":405,"column":42}},"74":{"start":{"line":407,"column":8},"end":{"line":407,"column":20}},"75":{"start":{"line":416,"column":8},"end":{"line":416,"column":27}},"76":{"start":{"line":420,"column":8},"end":{"line":420,"column":46}},"77":{"start":{"line":421,"column":8},"end":{"line":421,"column":48}},"78":{"start":{"line":422,"column":8},"end":{"line":422,"column":101}},"79":{"start":{"line":425,"column":8},"end":{"line":425,"column":51}},"80":{"start":{"line":426,"column":8},"end":{"line":426,"column":53}},"81":{"start":{"line":427,"column":8},"end":{"line":427,"column":106}},"82":{"start":{"line":429,"column":8},"end":{"line":429,"column":15644}},"83":{"start":{"line":431,"column":12},"end":{"line":431,"column":49}},"84":{"start":{"line":433,"column":12},"end":{"line":433,"column":15789}},"85":{"start":{"line":440,"column":12},"end":{"line":440,"column":66}},"86":{"start":{"line":441,"column":12},"end":{"line":441,"column":87}},"87":{"start":{"line":443,"column":12},"end":{"line":443,"column":16219}}},"branchMap":{"1":{"line":56,"type":"if","locations":[{"start":{"line":56,"column":8},"end":{"line":56,"column":8}},{"start":{"line":56,"column":8},"end":{"line":56,"column":8}}]},"2":{"line":64,"type":"if","locations":[{"start":{"line":64,"column":8},"end":{"line":64,"column":8}},{"start":{"line":64,"column":8},"end":{"line":64,"column":8}}]},"3":{"line":73,"type":"if","locations":[{"start":{"line":73,"column":8},"end":{"line":73,"column":8}},{"start":{"line":73,"column":8},"end":{"line":73,"column":8}}]},"4":{"line":104,"type":"if","locations":[{"start":{"line":104,"column":8},"end":{"line":104,"column":8}},{"start":{"line":104,"column":8},"end":{"line":104,"column":8}}]},"5":{"line":116,"type":"if","locations":[{"start":{"line":116,"column":8},"end":{"line":116,"column":8}},{"start":{"line":116,"column":8},"end":{"line":116,"column":8}}]},"6":{"line":180,"type":"if","locations":[{"start":{"line":180,"column":8},"end":{"line":180,"column":8}},{"start":{"line":180,"column":8},"end":{"line":180,"column":8}}]},"7":{"line":212,"type":"if","locations":[{"start":{"line":212,"column":8},"end":{"line":212,"column":8}},{"start":{"line":212,"column":8},"end":{"line":212,"column":8}}]},"8":{"line":236,"type":"if","locations":[{"start":{"line":236,"column":8},"end":{"line":236,"column":8}},{"start":{"line":236,"column":8},"end":{"line":236,"column":8}}]},"9":{"line":255,"type":"if","locations":[{"start":{"line":255,"column":8},"end":{"line":255,"column":8}},{"start":{"line":255,"column":8},"end":{"line":255,"column":8}}]},"10":{"line":264,"type":"if","locations":[{"start":{"line":264,"column":8},"end":{"line":264,"column":8}},{"start":{"line":264,"column":8},"end":{"line":264,"column":8}}]},"11":{"line":275,"type":"if","locations":[{"start":{"line":275,"column":8},"end":{"line":275,"column":8}},{"start":{"line":275,"column":8},"end":{"line":275,"column":8}}]},"12":{"line":287,"type":"if","locations":[{"start":{"line":287,"column":8},"end":{"line":287,"column":8}},{"start":{"line":287,"column":8},"end":{"line":287,"column":8}}]},"13":{"line":297,"type":"if","locations":[{"start":{"line":297,"column":8},"end":{"line":297,"column":8}},{"start":{"line":297,"column":8},"end":{"line":297,"column":8}}]},"14":{"line":310,"type":"if","locations":[{"start":{"line":310,"column":8},"end":{"line":310,"column":8}},{"start":{"line":310,"column":8},"end":{"line":310,"column":8}}]},"15":{"line":311,"type":"if","locations":[{"start":{"line":311,"column":8},"end":{"line":311,"column":8}},{"start":{"line":311,"column":8},"end":{"line":311,"column":8}}]},"16":{"line":321,"type":"if","locations":[{"start":{"line":321,"column":8},"end":{"line":321,"column":8}},{"start":{"line":321,"column":8},"end":{"line":321,"column":8}}]},"17":{"line":332,"type":"if","locations":[{"start":{"line":332,"column":8},"end":{"line":332,"column":8}},{"start":{"line":332,"column":8},"end":{"line":332,"column":8}}]},"18":{"line":336,"type":"if","locations":[{"start":{"line":336,"column":8},"end":{"line":336,"column":8}},{"start":{"line":336,"column":8},"end":{"line":336,"column":8}}]},"19":{"line":340,"type":"if","locations":[{"start":{"line":340,"column":8},"end":{"line":340,"column":8}},{"start":{"line":340,"column":8},"end":{"line":340,"column":8}}]},"20":{"line":363,"type":"if","locations":[{"start":{"line":363,"column":8},"end":{"line":363,"column":8}},{"start":{"line":363,"column":8},"end":{"line":363,"column":8}}]},"21":{"line":379,"type":"if","locations":[{"start":{"line":379,"column":8},"end":{"line":379,"column":8}},{"start":{"line":379,"column":8},"end":{"line":379,"column":8}}]},"22":{"line":380,"type":"if","locations":[{"start":{"line":380,"column":8},"end":{"line":380,"column":8}},{"start":{"line":380,"column":8},"end":{"line":380,"column":8}}]},"23":{"line":383,"type":"if","locations":[{"start":{"line":383,"column":8},"end":{"line":383,"column":8}},{"start":{"line":383,"column":8},"end":{"line":383,"column":8}}]},"24":{"line":400,"type":"if","locations":[{"start":{"line":400,"column":8},"end":{"line":400,"column":8}},{"start":{"line":400,"column":8},"end":{"line":400,"column":8}}]},"25":{"line":402,"type":"if","locations":[{"start":{"line":402,"column":8},"end":{"line":402,"column":8}},{"start":{"line":402,"column":8},"end":{"line":402,"column":8}}]},"26":{"line":405,"type":"if","locations":[{"start":{"line":405,"column":8},"end":{"line":405,"column":8}},{"start":{"line":405,"column":8},"end":{"line":405,"column":8}}]},"27":{"line":429,"type":"if","locations":[{"start":{"line":429,"column":8},"end":{"line":429,"column":8}},{"start":{"line":429,"column":8},"end":{"line":429,"column":8}}]},"28":{"line":433,"type":"if","locations":[{"start":{"line":433,"column":12},"end":{"line":433,"column":12}},{"start":{"line":433,"column":12},"end":{"line":433,"column":12}}]},"29":{"line":443,"type":"if","locations":[{"start":{"line":443,"column":12},"end":{"line":443,"column":12}},{"start":{"line":443,"column":12},"end":{"line":443,"column":12}}]}}},"contracts/v2/PoolbaseCloneFactory.sol":{"l":{"23":26,"24":26,"32":2,"33":1,"42":15,"43":14,"44":14,"52":4,"53":3,"61":3,"62":2,"70":15,"71":14,"80":15,"81":14,"88":3,"95":2,"102":3,"115":2,"141":14,"142":14,"155":13,"164":13,"175":13,"176":13,"178":13},"path":"/Users/gustavoguimaraes/DAPPS/poolbase/poolbase-smart-contracts/contracts/v2/PoolbaseCloneFactory.sol","s":{"1":26,"2":26,"3":2,"4":1,"5":15,"6":14,"7":14,"8":4,"9":3,"10":3,"11":2,"12":15,"13":14,"14":15,"15":14,"16":3,"17":2,"18":3,"19":2,"20":14,"21":14,"22":13,"23":13,"24":13,"25":13},"b":{"1":[26,0],"2":[1,1],"3":[14,1],"4":[3,1],"5":[2,1],"6":[14,1],"7":[14,1]},"f":{"1":26,"2":2,"3":15,"4":4,"5":3,"6":15,"7":15,"8":3,"9":2,"10":3,"11":2,"12":14,"13":13},"fnMap":{"1":{"name":null,"line":22,"loc":{"start":{"line":22,"column":4},"end":{"line":22,"column":45}}},"2":{"name":"setLibraryAddress","line":31,"loc":{"start":{"line":31,"column":4},"end":{"line":31,"column":72}}},"3":{"name":"setSuperBouncers","line":41,"loc":{"start":{"line":41,"column":4},"end":{"line":41,"column":72}}},"4":{"name":"addBouncersToAPool","line":51,"loc":{"start":{"line":51,"column":4},"end":{"line":51,"column":92}}},"5":{"name":"removeBouncersToAPool","line":60,"loc":{"start":{"line":60,"column":4},"end":{"line":60,"column":95}}},"6":{"name":"setPoolbasePayoutWallet","line":69,"loc":{"start":{"line":69,"column":4},"end":{"line":69,"column":84}}},"7":{"name":"setPoolbaseFee","line":79,"loc":{"start":{"line":79,"column":4},"end":{"line":79,"column":69}}},"8":{"name":"getSuperBouncers","line":87,"loc":{"start":{"line":87,"column":4},"end":{"line":87,"column":69}}},"9":{"name":"getPoolbasePayoutWallet","line":94,"loc":{"start":{"line":94,"column":4},"end":{"line":94,"column":67}}},"10":{"name":"getPoolbaseFee","line":101,"loc":{"start":{"line":101,"column":4},"end":{"line":101,"column":67}}},"11":{"name":"getInstantiationCount","line":110,"loc":{"start":{"line":110,"column":4},"end":{"line":114,"column":5}}},"12":{"name":"create","line":129,"loc":{"start":{"line":129,"column":4},"end":{"line":140,"column":5}}},"13":{"name":"register","line":172,"loc":{"start":{"line":172,"column":4},"end":{"line":174,"column":5}}}},"statementMap":{"1":{"start":{"line":23,"column":8},"end":{"line":23,"column":80}},"2":{"start":{"line":24,"column":8},"end":{"line":24,"column":39}},"3":{"start":{"line":32,"column":8},"end":{"line":32,"column":80}},"4":{"start":{"line":33,"column":8},"end":{"line":33,"column":39}},"5":{"start":{"line":42,"column":8},"end":{"line":42,"column":126}},"6":{"start":{"line":43,"column":8},"end":{"line":43,"column":43}},"7":{"start":{"line":44,"column":8},"end":{"line":44,"column":43}},"8":{"start":{"line":52,"column":8},"end":{"line":52,"column":85}},"9":{"start":{"line":53,"column":8},"end":{"line":53,"column":37}},"10":{"start":{"line":61,"column":8},"end":{"line":61,"column":84}},"11":{"start":{"line":62,"column":8},"end":{"line":62,"column":37}},"12":{"start":{"line":70,"column":8},"end":{"line":70,"column":100}},"13":{"start":{"line":71,"column":8},"end":{"line":71,"column":51}},"14":{"start":{"line":80,"column":8},"end":{"line":80,"column":99}},"15":{"start":{"line":81,"column":8},"end":{"line":81,"column":33}},"16":{"start":{"line":88,"column":8},"end":{"line":88,"column":51}},"17":{"start":{"line":95,"column":8},"end":{"line":95,"column":35}},"18":{"start":{"line":102,"column":8},"end":{"line":102,"column":47}},"19":{"start":{"line":115,"column":8},"end":{"line":115,"column":45}},"20":{"start":{"line":141,"column":8},"end":{"line":141,"column":49}},"21":{"start":{"line":142,"column":8},"end":{"line":142,"column":30}},"22":{"start":{"line":155,"column":8},"end":{"line":155,"column":5618}},"23":{"start":{"line":164,"column":8},"end":{"line":164,"column":34}},"24":{"start":{"line":175,"column":8},"end":{"line":175,"column":44}},"25":{"start":{"line":178,"column":8},"end":{"line":178,"column":74}}},"branchMap":{"1":{"line":23,"type":"if","locations":[{"start":{"line":23,"column":8},"end":{"line":23,"column":8}},{"start":{"line":23,"column":8},"end":{"line":23,"column":8}}]},"2":{"line":32,"type":"if","locations":[{"start":{"line":32,"column":8},"end":{"line":32,"column":8}},{"start":{"line":32,"column":8},"end":{"line":32,"column":8}}]},"3":{"line":42,"type":"if","locations":[{"start":{"line":42,"column":8},"end":{"line":42,"column":8}},{"start":{"line":42,"column":8},"end":{"line":42,"column":8}}]},"4":{"line":52,"type":"if","locations":[{"start":{"line":52,"column":8},"end":{"line":52,"column":8}},{"start":{"line":52,"column":8},"end":{"line":52,"column":8}}]},"5":{"line":61,"type":"if","locations":[{"start":{"line":61,"column":8},"end":{"line":61,"column":8}},{"start":{"line":61,"column":8},"end":{"line":61,"column":8}}]},"6":{"line":70,"type":"if","locations":[{"start":{"line":70,"column":8},"end":{"line":70,"column":8}},{"start":{"line":70,"column":8},"end":{"line":70,"column":8}}]},"7":{"line":80,"type":"if","locations":[{"start":{"line":80,"column":8},"end":{"line":80,"column":8}},{"start":{"line":80,"column":8},"end":{"line":80,"column":8}}]}}},"contracts/v2/PoolbaseInterface.sol":{"l":{},"path":"/Users/gustavoguimaraes/DAPPS/poolbase/poolbase-smart-contracts/contracts/v2/PoolbaseInterface.sol","s":{},"b":{},"f":{},"fnMap":{},"statementMap":{},"branchMap":{}}}