{"contracts/v2/CloneFactory.sol":{"l":{"31":7,"32":7,"33":7,"34":140,"36":7},"path":"/Users/gustavoguimaraes/DAPPS/poolbase/poolbase-smart-contracts/contracts/v2/CloneFactory.sol","s":{"1":7,"2":7,"3":7,"4":140},"b":{},"f":{"1":7},"fnMap":{"1":{"name":"createClone","line":30,"loc":{"start":{"line":30,"column":2},"end":{"line":30,"column":72}}}},"statementMap":{"1":{"start":{"line":31,"column":4},"end":{"line":31,"column":155}},"2":{"start":{"line":32,"column":4},"end":{"line":32,"column":40}},"3":{"start":{"line":33,"column":4},"end":{"line":33,"column":1559}},"4":{"start":{"line":34,"column":6},"end":{"line":34,"column":35}}},"branchMap":{}},"contracts/v2/Poolbase.sol":{"l":{"56":6,"57":5,"64":3,"65":2,"73":3,"104":29,"116":28,"128":27,"129":27,"130":27,"131":27,"132":27,"133":27,"134":27,"135":27,"137":27,"138":54,"141":27,"142":27,"144":53,"147":27,"154":5,"155":5,"162":2,"163":2,"170":0,"178":0,"185":2,"194":0,"203":0,"210":0,"211":0,"226":0,"227":0,"238":0,"239":0,"247":0,"248":0,"249":0,"258":0,"259":0,"260":0,"261":0,"270":0,"271":0,"272":0,"280":0,"281":0,"282":0,"293":0,"294":0,"295":0,"297":0,"304":0,"305":0,"307":0,"315":0,"316":0,"318":0,"319":0,"321":0,"323":0,"324":0,"325":0,"329":0,"331":0,"335":0,"337":0,"338":0,"346":0,"347":0,"348":0,"349":0,"350":0,"362":0,"363":0,"365":0,"366":0,"367":0,"368":0,"371":0,"372":0,"373":0,"375":0,"376":0,"383":0,"385":0,"388":0,"390":0,"399":0,"401":0,"403":0,"404":0,"405":0,"406":0,"408":0,"409":0,"410":0,"412":0,"413":0,"414":0,"416":0,"417":0,"419":0,"423":0,"424":0,"426":0,"427":0,"429":0},"path":"/Users/gustavoguimaraes/DAPPS/poolbase/poolbase-smart-contracts/contracts/v2/Poolbase.sol","s":{"1":6,"2":3,"3":3,"4":29,"5":28,"6":27,"7":27,"8":27,"9":27,"10":27,"11":27,"12":27,"13":27,"14":27,"15":54,"16":27,"17":27,"18":53,"19":27,"20":5,"21":2,"22":0,"23":0,"24":2,"25":0,"26":0,"27":0,"28":0,"29":0,"30":0,"31":0,"32":0,"33":0,"34":0,"35":0,"36":0,"37":0,"38":0,"39":0,"40":0,"41":0,"42":0,"43":0,"44":0,"45":0,"46":0,"47":0,"48":0,"49":0,"50":0,"51":0,"52":0,"53":0,"54":0,"55":0,"56":0,"57":0,"58":0,"59":0,"60":0,"61":0,"62":0,"63":0,"64":0,"65":0,"66":0,"67":0,"68":0,"69":0,"70":0,"71":0,"72":0,"73":0,"74":0,"75":0,"76":0,"77":0,"78":0,"79":0,"80":0,"81":0,"82":0,"83":0,"84":0,"85":0,"86":0},"b":{"1":[5,1],"2":[2,1],"3":[1,2],"4":[28,1],"5":[27,1],"6":[0,0],"7":[0,0],"8":[0,0],"9":[0,0],"10":[0,0],"11":[0,0],"12":[0,0],"13":[0,0],"14":[0,0],"15":[0,0],"16":[0,0],"17":[0,0],"18":[0,0],"19":[0,0],"20":[0,0],"21":[0,0],"22":[0,0],"23":[0,0],"24":[0,0],"25":[0,0],"26":[0,0],"27":[0,0],"28":[0,0],"29":[0,0]},"f":{"1":6,"2":3,"3":3,"4":29,"5":5,"6":2,"7":0,"8":0,"9":2,"10":0,"11":0,"12":0,"13":0,"14":0,"15":0,"16":0,"17":0,"18":0,"19":0,"20":0,"21":0,"22":0,"23":0,"24":0,"25":0},"fnMap":{"1":{"name":"whenNotPaused","line":55,"loc":{"start":{"line":55,"column":4},"end":{"line":55,"column":26}}},"2":{"name":"whenPaused","line":63,"loc":{"start":{"line":63,"column":4},"end":{"line":63,"column":23}}},"3":{"name":null,"line":72,"loc":{"start":{"line":72,"column":4},"end":{"line":72,"column":30}}},"4":{"name":"init","line":90,"loc":{"start":{"line":90,"column":4},"end":{"line":103,"column":5}}},"5":{"name":"pause","line":153,"loc":{"start":{"line":153,"column":4},"end":{"line":153,"column":64}}},"6":{"name":"unpause","line":161,"loc":{"start":{"line":161,"column":4},"end":{"line":161,"column":63}}},"7":{"name":"emergencySetStateToRefunding","line":169,"loc":{"start":{"line":169,"column":4},"end":{"line":169,"column":73}}},"8":{"name":"emergencyReceiveWeiFromPayoutAddress","line":177,"loc":{"start":{"line":177,"column":4},"end":{"line":177,"column":66}}},"9":{"name":"emergencyAcceptAllPayments","line":184,"loc":{"start":{"line":184,"column":4},"end":{"line":184,"column":94}}},"10":{"name":"vouchAsPoolBase","line":193,"loc":{"start":{"line":193,"column":4},"end":{"line":193,"column":60}}},"11":{"name":"vouchAsAdmin","line":202,"loc":{"start":{"line":202,"column":4},"end":{"line":202,"column":55}}},"12":{"name":"emergencyRemoveWei","line":209,"loc":{"start":{"line":209,"column":4},"end":{"line":209,"column":96}}},"13":{"name":"emergencyRemoveTokens","line":217,"loc":{"start":{"line":217,"column":4},"end":{"line":225,"column":5}}},"14":{"name":"setPoolbasePayoutWallet","line":237,"loc":{"start":{"line":237,"column":4},"end":{"line":237,"column":114}}},"15":{"name":"setAdminPayoutWallet","line":246,"loc":{"start":{"line":246,"column":4},"end":{"line":246,"column":106}}},"16":{"name":"setAdminPoolFee","line":257,"loc":{"start":{"line":257,"column":4},"end":{"line":257,"column":99}}},"17":{"name":"setPoolbaseFee","line":269,"loc":{"start":{"line":269,"column":4},"end":{"line":269,"column":99}}},"18":{"name":"changeMaxAllocation","line":279,"loc":{"start":{"line":279,"column":4},"end":{"line":279,"column":101}}},"19":{"name":"deposit","line":292,"loc":{"start":{"line":292,"column":4},"end":{"line":292,"column":84}}},"20":{"name":"enableRefunds","line":303,"loc":{"start":{"line":303,"column":4},"end":{"line":303,"column":70}}},"21":{"name":"adminSetsBatch","line":314,"loc":{"start":{"line":314,"column":4},"end":{"line":314,"column":83}}},"22":{"name":"refund","line":345,"loc":{"start":{"line":345,"column":4},"end":{"line":345,"column":75}}},"23":{"name":"claimToken","line":357,"loc":{"start":{"line":357,"column":4},"end":{"line":361,"column":5}}},"24":{"name":"adminClosesPool","line":382,"loc":{"start":{"line":382,"column":4},"end":{"line":382,"column":109}}},"25":{"name":"close","line":398,"loc":{"start":{"line":398,"column":4},"end":{"line":398,"column":41}}}},"statementMap":{"1":{"start":{"line":56,"column":8},"end":{"line":56,"column":62}},"2":{"start":{"line":64,"column":8},"end":{"line":64,"column":59}},"3":{"start":{"line":73,"column":8},"end":{"line":73,"column":117}},"4":{"start":{"line":104,"column":8},"end":{"line":104,"column":3262}},"5":{"start":{"line":116,"column":8},"end":{"line":116,"column":3708}},"6":{"start":{"line":128,"column":8},"end":{"line":128,"column":37}},"7":{"start":{"line":129,"column":8},"end":{"line":129,"column":35}},"8":{"start":{"line":130,"column":8},"end":{"line":130,"column":33}},"9":{"start":{"line":131,"column":8},"end":{"line":131,"column":41}},"10":{"start":{"line":132,"column":8},"end":{"line":132,"column":35}},"11":{"start":{"line":133,"column":8},"end":{"line":133,"column":45}},"12":{"start":{"line":134,"column":8},"end":{"line":134,"column":51}},"13":{"start":{"line":135,"column":8},"end":{"line":135,"column":57}},"14":{"start":{"line":137,"column":8},"end":{"line":137,"column":4481}},"15":{"start":{"line":138,"column":12},"end":{"line":138,"column":46}},"16":{"start":{"line":141,"column":8},"end":{"line":141,"column":38}},"17":{"start":{"line":142,"column":8},"end":{"line":142,"column":4668}},"18":{"start":{"line":144,"column":12},"end":{"line":144,"column":42}},"19":{"start":{"line":147,"column":8},"end":{"line":147,"column":27}},"20":{"start":{"line":154,"column":8},"end":{"line":154,"column":20}},"21":{"start":{"line":162,"column":8},"end":{"line":162,"column":21}},"22":{"start":{"line":170,"column":8},"end":{"line":170,"column":30}},"23":{"start":{"line":178,"column":8},"end":{"line":178,"column":87}},"24":{"start":{"line":185,"column":8},"end":{"line":185,"column":37}},"25":{"start":{"line":194,"column":8},"end":{"line":194,"column":29}},"26":{"start":{"line":203,"column":8},"end":{"line":203,"column":26}},"27":{"start":{"line":210,"column":8},"end":{"line":210,"column":62}},"28":{"start":{"line":226,"column":8},"end":{"line":226,"column":62}},"29":{"start":{"line":227,"column":8},"end":{"line":227,"column":27}},"30":{"start":{"line":238,"column":8},"end":{"line":238,"column":45}},"31":{"start":{"line":239,"column":8},"end":{"line":239,"column":54}},"32":{"start":{"line":247,"column":8},"end":{"line":247,"column":42}},"33":{"start":{"line":248,"column":8},"end":{"line":248,"column":48}},"34":{"start":{"line":258,"column":8},"end":{"line":258,"column":68}},"35":{"start":{"line":259,"column":8},"end":{"line":259,"column":44}},"36":{"start":{"line":260,"column":8},"end":{"line":260,"column":44}},"37":{"start":{"line":270,"column":8},"end":{"line":270,"column":66}},"38":{"start":{"line":271,"column":8},"end":{"line":271,"column":42}},"39":{"start":{"line":272,"column":8},"end":{"line":272,"column":42}},"40":{"start":{"line":280,"column":8},"end":{"line":280,"column":38}},"41":{"start":{"line":281,"column":8},"end":{"line":281,"column":40}},"42":{"start":{"line":293,"column":8},"end":{"line":293,"column":37}},"43":{"start":{"line":294,"column":8},"end":{"line":294,"column":69}},"44":{"start":{"line":295,"column":8},"end":{"line":295,"column":67}},"45":{"start":{"line":304,"column":8},"end":{"line":304,"column":37}},"46":{"start":{"line":305,"column":8},"end":{"line":305,"column":30}},"47":{"start":{"line":315,"column":8},"end":{"line":315,"column":67}},"48":{"start":{"line":316,"column":8},"end":{"line":316,"column":32}},"49":{"start":{"line":318,"column":8},"end":{"line":318,"column":28}},"50":{"start":{"line":319,"column":8},"end":{"line":319,"column":42}},"51":{"start":{"line":323,"column":8},"end":{"line":323,"column":11598}},"52":{"start":{"line":324,"column":12},"end":{"line":324,"column":11638}},"53":{"start":{"line":325,"column":16},"end":{"line":325,"column":112}},"54":{"start":{"line":329,"column":8},"end":{"line":329,"column":62}},"55":{"start":{"line":331,"column":8},"end":{"line":331,"column":11965}},"56":{"start":{"line":335,"column":8},"end":{"line":335,"column":86}},"57":{"start":{"line":338,"column":8},"end":{"line":338,"column":41}},"58":{"start":{"line":346,"column":8},"end":{"line":346,"column":65}},"59":{"start":{"line":347,"column":8},"end":{"line":347,"column":53}},"60":{"start":{"line":348,"column":8},"end":{"line":348,"column":32}},"61":{"start":{"line":362,"column":8},"end":{"line":362,"column":42}},"62":{"start":{"line":363,"column":8},"end":{"line":363,"column":42}},"63":{"start":{"line":366,"column":8},"end":{"line":366,"column":13238}},"64":{"start":{"line":367,"column":12},"end":{"line":367,"column":13278}},"65":{"start":{"line":368,"column":16},"end":{"line":368,"column":106}},"66":{"start":{"line":371,"column":8},"end":{"line":371,"column":80}},"67":{"start":{"line":372,"column":8},"end":{"line":372,"column":90}},"68":{"start":{"line":373,"column":8},"end":{"line":373,"column":84}},"69":{"start":{"line":383,"column":8},"end":{"line":383,"column":37}},"70":{"start":{"line":385,"column":8},"end":{"line":385,"column":68}},"71":{"start":{"line":385,"column":40},"end":{"line":385,"column":67}},"72":{"start":{"line":388,"column":8},"end":{"line":388,"column":42}},"73":{"start":{"line":390,"column":8},"end":{"line":390,"column":20}},"74":{"start":{"line":399,"column":8},"end":{"line":399,"column":27}},"75":{"start":{"line":403,"column":8},"end":{"line":403,"column":46}},"76":{"start":{"line":404,"column":8},"end":{"line":404,"column":48}},"77":{"start":{"line":405,"column":8},"end":{"line":405,"column":101}},"78":{"start":{"line":408,"column":8},"end":{"line":408,"column":51}},"79":{"start":{"line":409,"column":8},"end":{"line":409,"column":53}},"80":{"start":{"line":410,"column":8},"end":{"line":410,"column":106}},"81":{"start":{"line":412,"column":8},"end":{"line":412,"column":15163}},"82":{"start":{"line":414,"column":12},"end":{"line":414,"column":49}},"83":{"start":{"line":416,"column":12},"end":{"line":416,"column":15308}},"84":{"start":{"line":423,"column":12},"end":{"line":423,"column":66}},"85":{"start":{"line":424,"column":12},"end":{"line":424,"column":87}},"86":{"start":{"line":426,"column":12},"end":{"line":426,"column":15738}}},"branchMap":{"1":{"line":56,"type":"if","locations":[{"start":{"line":56,"column":8},"end":{"line":56,"column":8}},{"start":{"line":56,"column":8},"end":{"line":56,"column":8}}]},"2":{"line":64,"type":"if","locations":[{"start":{"line":64,"column":8},"end":{"line":64,"column":8}},{"start":{"line":64,"column":8},"end":{"line":64,"column":8}}]},"3":{"line":73,"type":"if","locations":[{"start":{"line":73,"column":8},"end":{"line":73,"column":8}},{"start":{"line":73,"column":8},"end":{"line":73,"column":8}}]},"4":{"line":104,"type":"if","locations":[{"start":{"line":104,"column":8},"end":{"line":104,"column":8}},{"start":{"line":104,"column":8},"end":{"line":104,"column":8}}]},"5":{"line":116,"type":"if","locations":[{"start":{"line":116,"column":8},"end":{"line":116,"column":8}},{"start":{"line":116,"column":8},"end":{"line":116,"column":8}}]},"6":{"line":178,"type":"if","locations":[{"start":{"line":178,"column":8},"end":{"line":178,"column":8}},{"start":{"line":178,"column":8},"end":{"line":178,"column":8}}]},"7":{"line":210,"type":"if","locations":[{"start":{"line":210,"column":8},"end":{"line":210,"column":8}},{"start":{"line":210,"column":8},"end":{"line":210,"column":8}}]},"8":{"line":226,"type":"if","locations":[{"start":{"line":226,"column":8},"end":{"line":226,"column":8}},{"start":{"line":226,"column":8},"end":{"line":226,"column":8}}]},"9":{"line":238,"type":"if","locations":[{"start":{"line":238,"column":8},"end":{"line":238,"column":8}},{"start":{"line":238,"column":8},"end":{"line":238,"column":8}}]},"10":{"line":247,"type":"if","locations":[{"start":{"line":247,"column":8},"end":{"line":247,"column":8}},{"start":{"line":247,"column":8},"end":{"line":247,"column":8}}]},"11":{"line":258,"type":"if","locations":[{"start":{"line":258,"column":8},"end":{"line":258,"column":8}},{"start":{"line":258,"column":8},"end":{"line":258,"column":8}}]},"12":{"line":270,"type":"if","locations":[{"start":{"line":270,"column":8},"end":{"line":270,"column":8}},{"start":{"line":270,"column":8},"end":{"line":270,"column":8}}]},"13":{"line":280,"type":"if","locations":[{"start":{"line":280,"column":8},"end":{"line":280,"column":8}},{"start":{"line":280,"column":8},"end":{"line":280,"column":8}}]},"14":{"line":293,"type":"if","locations":[{"start":{"line":293,"column":8},"end":{"line":293,"column":8}},{"start":{"line":293,"column":8},"end":{"line":293,"column":8}}]},"15":{"line":294,"type":"if","locations":[{"start":{"line":294,"column":8},"end":{"line":294,"column":8}},{"start":{"line":294,"column":8},"end":{"line":294,"column":8}}]},"16":{"line":304,"type":"if","locations":[{"start":{"line":304,"column":8},"end":{"line":304,"column":8}},{"start":{"line":304,"column":8},"end":{"line":304,"column":8}}]},"17":{"line":315,"type":"if","locations":[{"start":{"line":315,"column":8},"end":{"line":315,"column":8}},{"start":{"line":315,"column":8},"end":{"line":315,"column":8}}]},"18":{"line":319,"type":"if","locations":[{"start":{"line":319,"column":8},"end":{"line":319,"column":8}},{"start":{"line":319,"column":8},"end":{"line":319,"column":8}}]},"19":{"line":323,"type":"if","locations":[{"start":{"line":323,"column":8},"end":{"line":323,"column":8}},{"start":{"line":323,"column":8},"end":{"line":323,"column":8}}]},"20":{"line":346,"type":"if","locations":[{"start":{"line":346,"column":8},"end":{"line":346,"column":8}},{"start":{"line":346,"column":8},"end":{"line":346,"column":8}}]},"21":{"line":362,"type":"if","locations":[{"start":{"line":362,"column":8},"end":{"line":362,"column":8}},{"start":{"line":362,"column":8},"end":{"line":362,"column":8}}]},"22":{"line":363,"type":"if","locations":[{"start":{"line":363,"column":8},"end":{"line":363,"column":8}},{"start":{"line":363,"column":8},"end":{"line":363,"column":8}}]},"23":{"line":366,"type":"if","locations":[{"start":{"line":366,"column":8},"end":{"line":366,"column":8}},{"start":{"line":366,"column":8},"end":{"line":366,"column":8}}]},"24":{"line":383,"type":"if","locations":[{"start":{"line":383,"column":8},"end":{"line":383,"column":8}},{"start":{"line":383,"column":8},"end":{"line":383,"column":8}}]},"25":{"line":385,"type":"if","locations":[{"start":{"line":385,"column":8},"end":{"line":385,"column":8}},{"start":{"line":385,"column":8},"end":{"line":385,"column":8}}]},"26":{"line":388,"type":"if","locations":[{"start":{"line":388,"column":8},"end":{"line":388,"column":8}},{"start":{"line":388,"column":8},"end":{"line":388,"column":8}}]},"27":{"line":412,"type":"if","locations":[{"start":{"line":412,"column":8},"end":{"line":412,"column":8}},{"start":{"line":412,"column":8},"end":{"line":412,"column":8}}]},"28":{"line":416,"type":"if","locations":[{"start":{"line":416,"column":12},"end":{"line":416,"column":12}},{"start":{"line":416,"column":12},"end":{"line":416,"column":12}}]},"29":{"line":426,"type":"if","locations":[{"start":{"line":426,"column":12},"end":{"line":426,"column":12}},{"start":{"line":426,"column":12},"end":{"line":426,"column":12}}]}}},"contracts/v2/PoolbaseCloneFactory.sol":{"l":{"23":19,"24":19,"32":2,"33":1,"42":8,"43":7,"44":7,"52":0,"53":0,"61":0,"62":0,"70":8,"71":7,"80":8,"81":7,"88":3,"95":3,"102":3,"115":2,"141":7,"142":7,"155":6,"164":6,"175":6,"176":6,"178":6},"path":"/Users/gustavoguimaraes/DAPPS/poolbase/poolbase-smart-contracts/contracts/v2/PoolbaseCloneFactory.sol","s":{"1":19,"2":19,"3":2,"4":1,"5":8,"6":7,"7":7,"8":0,"9":0,"10":0,"11":0,"12":8,"13":7,"14":8,"15":7,"16":3,"17":3,"18":3,"19":2,"20":7,"21":7,"22":6,"23":6,"24":6,"25":6},"b":{"1":[19,0],"2":[1,1],"3":[7,1],"4":[0,0],"5":[0,0],"6":[7,1],"7":[7,1]},"f":{"1":19,"2":2,"3":8,"4":0,"5":0,"6":8,"7":8,"8":3,"9":3,"10":3,"11":2,"12":7,"13":6},"fnMap":{"1":{"name":null,"line":22,"loc":{"start":{"line":22,"column":4},"end":{"line":22,"column":45}}},"2":{"name":"setLibraryAddress","line":31,"loc":{"start":{"line":31,"column":4},"end":{"line":31,"column":72}}},"3":{"name":"setSuperBouncers","line":41,"loc":{"start":{"line":41,"column":4},"end":{"line":41,"column":72}}},"4":{"name":"addBouncersToAPool","line":51,"loc":{"start":{"line":51,"column":4},"end":{"line":51,"column":92}}},"5":{"name":"removeBouncersToAPool","line":60,"loc":{"start":{"line":60,"column":4},"end":{"line":60,"column":95}}},"6":{"name":"setPoolbasePayoutWallet","line":69,"loc":{"start":{"line":69,"column":4},"end":{"line":69,"column":84}}},"7":{"name":"setPoolbaseFee","line":79,"loc":{"start":{"line":79,"column":4},"end":{"line":79,"column":69}}},"8":{"name":"getSuperBouncers","line":87,"loc":{"start":{"line":87,"column":4},"end":{"line":87,"column":69}}},"9":{"name":"getPoolbasePayoutWallet","line":94,"loc":{"start":{"line":94,"column":4},"end":{"line":94,"column":67}}},"10":{"name":"getPoolbaseFee","line":101,"loc":{"start":{"line":101,"column":4},"end":{"line":101,"column":67}}},"11":{"name":"getInstantiationCount","line":110,"loc":{"start":{"line":110,"column":4},"end":{"line":114,"column":5}}},"12":{"name":"create","line":129,"loc":{"start":{"line":129,"column":4},"end":{"line":140,"column":5}}},"13":{"name":"register","line":172,"loc":{"start":{"line":172,"column":4},"end":{"line":174,"column":5}}}},"statementMap":{"1":{"start":{"line":23,"column":8},"end":{"line":23,"column":80}},"2":{"start":{"line":24,"column":8},"end":{"line":24,"column":39}},"3":{"start":{"line":32,"column":8},"end":{"line":32,"column":80}},"4":{"start":{"line":33,"column":8},"end":{"line":33,"column":39}},"5":{"start":{"line":42,"column":8},"end":{"line":42,"column":126}},"6":{"start":{"line":43,"column":8},"end":{"line":43,"column":43}},"7":{"start":{"line":44,"column":8},"end":{"line":44,"column":43}},"8":{"start":{"line":52,"column":8},"end":{"line":52,"column":85}},"9":{"start":{"line":53,"column":8},"end":{"line":53,"column":37}},"10":{"start":{"line":61,"column":8},"end":{"line":61,"column":84}},"11":{"start":{"line":62,"column":8},"end":{"line":62,"column":37}},"12":{"start":{"line":70,"column":8},"end":{"line":70,"column":100}},"13":{"start":{"line":71,"column":8},"end":{"line":71,"column":51}},"14":{"start":{"line":80,"column":8},"end":{"line":80,"column":99}},"15":{"start":{"line":81,"column":8},"end":{"line":81,"column":33}},"16":{"start":{"line":88,"column":8},"end":{"line":88,"column":51}},"17":{"start":{"line":95,"column":8},"end":{"line":95,"column":35}},"18":{"start":{"line":102,"column":8},"end":{"line":102,"column":47}},"19":{"start":{"line":115,"column":8},"end":{"line":115,"column":45}},"20":{"start":{"line":141,"column":8},"end":{"line":141,"column":49}},"21":{"start":{"line":142,"column":8},"end":{"line":142,"column":30}},"22":{"start":{"line":155,"column":8},"end":{"line":155,"column":5631}},"23":{"start":{"line":164,"column":8},"end":{"line":164,"column":34}},"24":{"start":{"line":175,"column":8},"end":{"line":175,"column":44}},"25":{"start":{"line":178,"column":8},"end":{"line":178,"column":74}}},"branchMap":{"1":{"line":23,"type":"if","locations":[{"start":{"line":23,"column":8},"end":{"line":23,"column":8}},{"start":{"line":23,"column":8},"end":{"line":23,"column":8}}]},"2":{"line":32,"type":"if","locations":[{"start":{"line":32,"column":8},"end":{"line":32,"column":8}},{"start":{"line":32,"column":8},"end":{"line":32,"column":8}}]},"3":{"line":42,"type":"if","locations":[{"start":{"line":42,"column":8},"end":{"line":42,"column":8}},{"start":{"line":42,"column":8},"end":{"line":42,"column":8}}]},"4":{"line":52,"type":"if","locations":[{"start":{"line":52,"column":8},"end":{"line":52,"column":8}},{"start":{"line":52,"column":8},"end":{"line":52,"column":8}}]},"5":{"line":61,"type":"if","locations":[{"start":{"line":61,"column":8},"end":{"line":61,"column":8}},{"start":{"line":61,"column":8},"end":{"line":61,"column":8}}]},"6":{"line":70,"type":"if","locations":[{"start":{"line":70,"column":8},"end":{"line":70,"column":8}},{"start":{"line":70,"column":8},"end":{"line":70,"column":8}}]},"7":{"line":80,"type":"if","locations":[{"start":{"line":80,"column":8},"end":{"line":80,"column":8}},{"start":{"line":80,"column":8},"end":{"line":80,"column":8}}]}}},"contracts/v2/PoolbaseInterface.sol":{"l":{},"path":"/Users/gustavoguimaraes/DAPPS/poolbase/poolbase-smart-contracts/contracts/v2/PoolbaseInterface.sol","s":{},"b":{},"f":{},"fnMap":{},"statementMap":{},"branchMap":{}}}