TN:
SF:/Users/gustavoguimaraes/DAPPS/poolbase/poolbase-smart-contracts/contracts/v2/CloneFactory.sol
FN:30,createClone
FNF:1
FNH:1
FNDA:5,createClone
DA:31,5
DA:32,5
DA:33,5
DA:34,100
DA:36,5
LF:5
LH:5
BRF:0
BRH:0
end_of_record
TN:
SF:/Users/gustavoguimaraes/DAPPS/poolbase/poolbase-smart-contracts/contracts/v2/PoolbaseCloneFactory.sol
FN:24,
FN:33,setLibraryAddress
FN:42,setPoolbasePayoutWallet
FN:52,setPoolbaseFee
FN:60,getPoolbasePayoutWallet
FN:67,getPoolbaseFee
FN:76,getInstantiationCount
FN:95,create
FN:137,register
FNF:9
FNH:9
FNDA:13,
FNDA:2,setLibraryAddress
FNDA:6,setPoolbasePayoutWallet
FNDA:6,setPoolbaseFee
FNDA:3,getPoolbasePayoutWallet
FNDA:3,getPoolbaseFee
FNDA:2,getInstantiationCount
FNDA:5,create
FNDA:5,register
DA:25,13
DA:34,2
DA:35,1
DA:43,6
DA:44,5
DA:53,6
DA:54,5
DA:61,3
DA:68,3
DA:81,2
DA:107,5
DA:108,5
DA:120,5
DA:129,5
DA:140,5
DA:141,5
DA:143,5
LF:17
LH:17
BRDA:34,1,0,1
BRDA:34,1,1,1
BRDA:43,2,0,5
BRDA:43,2,1,1
BRDA:53,3,0,5
BRDA:53,3,1,1
BRF:6
BRH:6
end_of_record
TN:
SF:/Users/gustavoguimaraes/DAPPS/poolbase/poolbase-smart-contracts/contracts/v2/PoolbaseInterface.sol
FNF:0
FNH:0
LF:0
LH:0
BRF:0
BRH:0
end_of_record
TN:
SF:/Users/gustavoguimaraes/DAPPS/poolbase/poolbase-smart-contracts/contracts/v2/PoolbaseV2.sol
FN:53,
FN:67,whenNotPaused
FN:75,whenPaused
FN:84,
FN:101,init
FN:155,pause
FN:163,unpause
FN:171,emergencySetStateToRefunding
FN:179,emergencyReceiveWeiFromPayoutAddress
FN:186,emergencyAcceptAllPayments
FN:195,vouchAsPoolBase
FN:204,vouchAsAdmin
FN:211,emergencyRemoveWei
FN:219,emergencyRemoveTokens
FN:239,setPoolbasePayoutWallet
FN:248,setAdminPayoutWallet
FN:258,setAdminPoolFee
FN:269,setPoolbaseFee
FN:279,changeMaxAllocation
FN:291,deposit
FN:302,enableRefunds
FN:313,adminSetsBatch
FN:344,refund
FN:356,claimToken
FN:381,adminClosesPool
FN:397,close
FNF:26
FNH:4
FNDA:19,
FNDA:0,whenNotPaused
FNDA:0,whenPaused
FNDA:3,
FNDA:5,init
FNDA:0,pause
FNDA:0,unpause
FNDA:0,emergencySetStateToRefunding
FNDA:0,emergencyReceiveWeiFromPayoutAddress
FNDA:2,emergencyAcceptAllPayments
FNDA:0,vouchAsPoolBase
FNDA:0,vouchAsAdmin
FNDA:0,emergencyRemoveWei
FNDA:0,emergencyRemoveTokens
FNDA:0,setPoolbasePayoutWallet
FNDA:0,setAdminPayoutWallet
FNDA:0,setAdminPoolFee
FNDA:0,setPoolbaseFee
FNDA:0,changeMaxAllocation
FNDA:0,deposit
FNDA:0,enableRefunds
FNDA:0,adminSetsBatch
FNDA:0,refund
FNDA:0,claimToken
FNDA:0,adminClosesPool
FNDA:0,close
DA:68,0
DA:69,0
DA:76,0
DA:77,0
DA:85,3
DA:114,5
DA:134,5
DA:135,5
DA:136,5
DA:137,5
DA:138,5
DA:139,5
DA:140,5
DA:141,5
DA:143,5
DA:144,5
DA:146,9
DA:149,5
DA:156,0
DA:157,0
DA:164,0
DA:165,0
DA:172,0
DA:180,0
DA:187,2
DA:196,0
DA:205,0
DA:212,0
DA:213,0
DA:228,0
DA:229,0
DA:240,0
DA:241,0
DA:249,0
DA:250,0
DA:259,0
DA:260,0
DA:261,0
DA:270,0
DA:271,0
DA:272,0
DA:280,0
DA:281,0
DA:292,0
DA:293,0
DA:294,0
DA:296,0
DA:303,0
DA:304,0
DA:306,0
DA:314,0
DA:315,0
DA:317,0
DA:318,0
DA:320,0
DA:322,0
DA:323,0
DA:324,0
DA:328,0
DA:330,0
DA:334,0
DA:336,0
DA:337,0
DA:345,0
DA:346,0
DA:347,0
DA:348,0
DA:349,0
DA:361,0
DA:362,0
DA:364,0
DA:365,0
DA:366,0
DA:367,0
DA:370,0
DA:371,0
DA:372,0
DA:374,0
DA:375,0
DA:382,0
DA:384,0
DA:387,0
DA:389,0
DA:398,0
DA:400,0
DA:402,0
DA:403,0
DA:404,0
DA:405,0
DA:407,0
DA:408,0
DA:409,0
DA:411,0
DA:412,0
DA:413,0
DA:415,0
DA:416,0
DA:418,0
DA:422,0
DA:423,0
DA:425,0
DA:426,0
DA:428,0
LF:103
LH:15
BRDA:68,1,0,0
BRDA:68,1,1,0
BRDA:76,2,0,0
BRDA:76,2,1,0
BRDA:85,3,0,1
BRDA:85,3,1,2
BRDA:114,4,0,5
BRDA:114,4,1,0
BRDA:180,5,0,0
BRDA:180,5,1,0
BRDA:212,6,0,0
BRDA:212,6,1,0
BRDA:228,7,0,0
BRDA:228,7,1,0
BRDA:240,8,0,0
BRDA:240,8,1,0
BRDA:249,9,0,0
BRDA:249,9,1,0
BRDA:259,10,0,0
BRDA:259,10,1,0
BRDA:270,11,0,0
BRDA:270,11,1,0
BRDA:280,12,0,0
BRDA:280,12,1,0
BRDA:292,13,0,0
BRDA:292,13,1,0
BRDA:293,14,0,0
BRDA:293,14,1,0
BRDA:303,15,0,0
BRDA:303,15,1,0
BRDA:314,16,0,0
BRDA:314,16,1,0
BRDA:318,17,0,0
BRDA:318,17,1,0
BRDA:322,18,0,0
BRDA:322,18,1,0
BRDA:345,19,0,0
BRDA:345,19,1,0
BRDA:361,20,0,0
BRDA:361,20,1,0
BRDA:362,21,0,0
BRDA:362,21,1,0
BRDA:365,22,0,0
BRDA:365,22,1,0
BRDA:382,23,0,0
BRDA:382,23,1,0
BRDA:384,24,0,0
BRDA:384,24,1,0
BRDA:387,25,0,0
BRDA:387,25,1,0
BRDA:411,26,0,0
BRDA:411,26,1,0
BRDA:415,27,0,0
BRDA:415,27,1,0
BRDA:425,28,0,0
BRDA:425,28,1,0
BRF:56
BRH:3
end_of_record
