TN:
SF:/Users/gustavoguimaraes/DAPPS/poolbase/poolbase-smart-contracts/contracts/v2/CloneFactory.sol
FN:30,createClone
FNF:1
FNH:1
FNDA:7,createClone
DA:31,7
DA:32,7
DA:33,7
DA:34,140
DA:36,7
LF:5
LH:5
BRF:0
BRH:0
end_of_record
TN:
SF:/Users/gustavoguimaraes/DAPPS/poolbase/poolbase-smart-contracts/contracts/v2/Poolbase.sol
FN:55,whenNotPaused
FN:63,whenPaused
FN:72,
FN:90,init
FN:153,pause
FN:161,unpause
FN:169,emergencySetStateToRefunding
FN:177,emergencyReceiveWeiFromPayoutAddress
FN:184,emergencyAcceptAllPayments
FN:193,vouchAsPoolBase
FN:202,vouchAsAdmin
FN:209,emergencyRemoveWei
FN:217,emergencyRemoveTokens
FN:237,setPoolbasePayoutWallet
FN:246,setAdminPayoutWallet
FN:257,setAdminPoolFee
FN:269,setPoolbaseFee
FN:279,changeMaxAllocation
FN:292,deposit
FN:303,enableRefunds
FN:314,adminSetsBatch
FN:345,refund
FN:357,claimToken
FN:382,adminClosesPool
FN:398,close
FNF:25
FNH:7
FNDA:6,whenNotPaused
FNDA:3,whenPaused
FNDA:3,
FNDA:29,init
FNDA:5,pause
FNDA:2,unpause
FNDA:0,emergencySetStateToRefunding
FNDA:0,emergencyReceiveWeiFromPayoutAddress
FNDA:2,emergencyAcceptAllPayments
FNDA:0,vouchAsPoolBase
FNDA:0,vouchAsAdmin
FNDA:0,emergencyRemoveWei
FNDA:0,emergencyRemoveTokens
FNDA:0,setPoolbasePayoutWallet
FNDA:0,setAdminPayoutWallet
FNDA:0,setAdminPoolFee
FNDA:0,setPoolbaseFee
FNDA:0,changeMaxAllocation
FNDA:0,deposit
FNDA:0,enableRefunds
FNDA:0,adminSetsBatch
FNDA:0,refund
FNDA:0,claimToken
FNDA:0,adminClosesPool
FNDA:0,close
DA:56,6
DA:57,5
DA:64,3
DA:65,2
DA:73,3
DA:104,29
DA:116,28
DA:128,27
DA:129,27
DA:130,27
DA:131,27
DA:132,27
DA:133,27
DA:134,27
DA:135,27
DA:137,27
DA:138,54
DA:141,27
DA:142,27
DA:144,53
DA:147,27
DA:154,5
DA:155,5
DA:162,2
DA:163,2
DA:170,0
DA:178,0
DA:185,2
DA:194,0
DA:203,0
DA:210,0
DA:211,0
DA:226,0
DA:227,0
DA:238,0
DA:239,0
DA:247,0
DA:248,0
DA:249,0
DA:258,0
DA:259,0
DA:260,0
DA:261,0
DA:270,0
DA:271,0
DA:272,0
DA:280,0
DA:281,0
DA:282,0
DA:293,0
DA:294,0
DA:295,0
DA:297,0
DA:304,0
DA:305,0
DA:307,0
DA:315,0
DA:316,0
DA:318,0
DA:319,0
DA:321,0
DA:323,0
DA:324,0
DA:325,0
DA:329,0
DA:331,0
DA:335,0
DA:337,0
DA:338,0
DA:346,0
DA:347,0
DA:348,0
DA:349,0
DA:350,0
DA:362,0
DA:363,0
DA:365,0
DA:366,0
DA:367,0
DA:368,0
DA:371,0
DA:372,0
DA:373,0
DA:375,0
DA:376,0
DA:383,0
DA:385,0
DA:388,0
DA:390,0
DA:399,0
DA:401,0
DA:403,0
DA:404,0
DA:405,0
DA:406,0
DA:408,0
DA:409,0
DA:410,0
DA:412,0
DA:413,0
DA:414,0
DA:416,0
DA:417,0
DA:419,0
DA:423,0
DA:424,0
DA:426,0
DA:427,0
DA:429,0
LF:109
LH:26
BRDA:56,1,0,5
BRDA:56,1,1,1
BRDA:64,2,0,2
BRDA:64,2,1,1
BRDA:73,3,0,1
BRDA:73,3,1,2
BRDA:104,4,0,28
BRDA:104,4,1,1
BRDA:116,5,0,27
BRDA:116,5,1,1
BRDA:178,6,0,0
BRDA:178,6,1,0
BRDA:210,7,0,0
BRDA:210,7,1,0
BRDA:226,8,0,0
BRDA:226,8,1,0
BRDA:238,9,0,0
BRDA:238,9,1,0
BRDA:247,10,0,0
BRDA:247,10,1,0
BRDA:258,11,0,0
BRDA:258,11,1,0
BRDA:270,12,0,0
BRDA:270,12,1,0
BRDA:280,13,0,0
BRDA:280,13,1,0
BRDA:293,14,0,0
BRDA:293,14,1,0
BRDA:294,15,0,0
BRDA:294,15,1,0
BRDA:304,16,0,0
BRDA:304,16,1,0
BRDA:315,17,0,0
BRDA:315,17,1,0
BRDA:319,18,0,0
BRDA:319,18,1,0
BRDA:323,19,0,0
BRDA:323,19,1,0
BRDA:346,20,0,0
BRDA:346,20,1,0
BRDA:362,21,0,0
BRDA:362,21,1,0
BRDA:363,22,0,0
BRDA:363,22,1,0
BRDA:366,23,0,0
BRDA:366,23,1,0
BRDA:383,24,0,0
BRDA:383,24,1,0
BRDA:385,25,0,0
BRDA:385,25,1,0
BRDA:388,26,0,0
BRDA:388,26,1,0
BRDA:412,27,0,0
BRDA:412,27,1,0
BRDA:416,28,0,0
BRDA:416,28,1,0
BRDA:426,29,0,0
BRDA:426,29,1,0
BRF:58
BRH:10
end_of_record
TN:
SF:/Users/gustavoguimaraes/DAPPS/poolbase/poolbase-smart-contracts/contracts/v2/PoolbaseCloneFactory.sol
FN:22,
FN:31,setLibraryAddress
FN:41,setSuperBouncers
FN:51,addBouncersToAPool
FN:60,removeBouncersToAPool
FN:69,setPoolbasePayoutWallet
FN:79,setPoolbaseFee
FN:87,getSuperBouncers
FN:94,getPoolbasePayoutWallet
FN:101,getPoolbaseFee
FN:110,getInstantiationCount
FN:129,create
FN:172,register
FNF:13
FNH:11
FNDA:19,
FNDA:2,setLibraryAddress
FNDA:8,setSuperBouncers
FNDA:0,addBouncersToAPool
FNDA:0,removeBouncersToAPool
FNDA:8,setPoolbasePayoutWallet
FNDA:8,setPoolbaseFee
FNDA:3,getSuperBouncers
FNDA:3,getPoolbasePayoutWallet
FNDA:3,getPoolbaseFee
FNDA:2,getInstantiationCount
FNDA:7,create
FNDA:6,register
DA:23,19
DA:24,19
DA:32,2
DA:33,1
DA:42,8
DA:43,7
DA:44,7
DA:52,0
DA:53,0
DA:61,0
DA:62,0
DA:70,8
DA:71,7
DA:80,8
DA:81,7
DA:88,3
DA:95,3
DA:102,3
DA:115,2
DA:141,7
DA:142,7
DA:155,6
DA:164,6
DA:175,6
DA:176,6
DA:178,6
LF:26
LH:22
BRDA:23,1,0,19
BRDA:23,1,1,0
BRDA:32,2,0,1
BRDA:32,2,1,1
BRDA:42,3,0,7
BRDA:42,3,1,1
BRDA:52,4,0,0
BRDA:52,4,1,0
BRDA:61,5,0,0
BRDA:61,5,1,0
BRDA:70,6,0,7
BRDA:70,6,1,1
BRDA:80,7,0,7
BRDA:80,7,1,1
BRF:14
BRH:9
end_of_record
TN:
SF:/Users/gustavoguimaraes/DAPPS/poolbase/poolbase-smart-contracts/contracts/v2/PoolbaseInterface.sol
FNF:0
FNH:0
LF:0
LH:0
BRF:0
BRH:0
end_of_record
